<?xml version="1.0" encoding="UTF-8" standalone="no"?>
<!DOCTYPE log SYSTEM "logger.dtd">
<log>
<record>
  <date>2019-12-20T17:08:34</date>
  <millis>1576861714216</millis>
  <sequence>0</sequence>
  <level>START</level>
  <class>com.kms.katalon.core.logging.XmlKeywordLogger</class>
  <method>startSuite</method>
  <thread>1</thread>
  <message>Start Test Suite : Test Suites/Page_Mad Irish Hacking Academy/E2E Page_Mad Irish Hacking Academy</message>
  <nestedLevel>0</nestedLevel>
  <property name="name">E2E Page_Mad Irish Hacking Academy</property>
  <property name="description"></property>
  <property name="id">Test Suites/Page_Mad Irish Hacking Academy/E2E Page_Mad Irish Hacking Academy</property>
</record>
<record>
  <date>2019-12-20T17:08:34</date>
  <millis>1576861714236</millis>
  <sequence>1</sequence>
  <level>RUN_DATA</level>
  <class>com.kms.katalon.core.logging.XmlKeywordLogger</class>
  <method>logMessage</method>
  <thread>1</thread>
  <message>hostName = albert.woloszyn - 10.139.80.116</message>
  <nestedLevel>0</nestedLevel>
  <property name="hostName">albert.woloszyn - 10.139.80.116</property>
</record>
<record>
  <date>2019-12-20T17:08:34</date>
  <millis>1576861714237</millis>
  <sequence>2</sequence>
  <level>RUN_DATA</level>
  <class>com.kms.katalon.core.logging.XmlKeywordLogger</class>
  <method>logMessage</method>
  <thread>1</thread>
  <message>os = Mac OS X 64bit</message>
  <nestedLevel>0</nestedLevel>
  <property name="os">Mac OS X 64bit</property>
</record>
<record>
  <date>2019-12-20T17:08:34</date>
  <millis>1576861714240</millis>
  <sequence>3</sequence>
  <level>RUN_DATA</level>
  <class>com.kms.katalon.core.logging.XmlKeywordLogger</class>
  <method>logMessage</method>
  <thread>1</thread>
  <message>hostAddress = 10.139.80.116</message>
  <nestedLevel>0</nestedLevel>
  <property name="hostAddress">10.139.80.116</property>
</record>
<record>
  <date>2019-12-20T17:08:34</date>
  <millis>1576861714242</millis>
  <sequence>4</sequence>
  <level>RUN_DATA</level>
  <class>com.kms.katalon.core.logging.XmlKeywordLogger</class>
  <method>logMessage</method>
  <thread>1</thread>
  <message>katalonVersion = 7.0.4.1</message>
  <nestedLevel>0</nestedLevel>
  <property name="katalonVersion">7.0.4.1</property>
</record>
<record>
  <date>2019-12-20T17:08:34</date>
  <millis>1576861714412</millis>
  <sequence>5</sequence>
  <level>START</level>
  <class>com.kms.katalon.core.logging.XmlKeywordLogger</class>
  <method>startTest</method>
  <thread>1</thread>
  <message>Start Test Case : Test Cases/Page_Mad Irish Hacking Academy/Element Verification/Test 1 - Landing Page Verification</message>
  <nestedLevel>1</nestedLevel>
  <property name="name">Test Cases/Page_Mad Irish Hacking Academy/Element Verification/Test 1 - Landing Page Verification</property>
  <property name="description"></property>
  <property name="id">Test Cases/Page_Mad Irish Hacking Academy/Element Verification/Test 1 - Landing Page Verification</property>
  <property name="source">\\Users\\albert.woloszyn\\Katalon Studio\\showCaseDEASP\\Test Cases\\Page_Mad Irish Hacking Academy\\Element Verification\\Test 1 - Landing Page Verification.tc</property>
  <property name="tag"></property>
  <property name="isOptional">false</property>
</record>
<record>
  <date>2019-12-20T17:08:34</date>
  <millis>1576861714635</millis>
  <sequence>7</sequence>
  <level>START</level>
  <class>com.kms.katalon.core.logging.XmlKeywordLogger</class>
  <method>startKeyword</method>
  <thread>1</thread>
  <message>Start action : openBrowser(\&amp;quot;http://192.168.56.101/\&amp;quot;)</message>
  <nestedLevel>1</nestedLevel>
  <property name="startLine">19</property>
  <property name="stepIndex">1</property>
</record>
<record>
  <date>2019-12-20T17:08:34</date>
  <millis>1576861714851</millis>
  <sequence>9</sequence>
  <level>INFO</level>
  <class>com.kms.katalon.core.logging.XmlKeywordLogger</class>
  <method>logMessage</method>
  <thread>1</thread>
  <message>Starting &amp;apos;Chrome&amp;apos; driver</message>
  <nestedLevel>1</nestedLevel>
</record>
<record>
  <date>2019-12-20T17:08:34</date>
  <millis>1576861714874</millis>
  <sequence>11</sequence>
  <level>INFO</level>
  <class>com.kms.katalon.core.logging.XmlKeywordLogger</class>
  <method>logMessage</method>
  <thread>1</thread>
  <message>Action delay is set to 0 seconds</message>
  <nestedLevel>1</nestedLevel>
</record>
</log>
